[{"id":"16de41c56d1","hash":"bdb8830","command":"npm start","status":1,"stdout":"\n> test@1.0.0 start d:\\GitHub\\test\\test\n> node index.js\n\n","stderr":"d:\\GitHub\\test\\test\\index.js:5\r\n\t\tthrow err;\r\n\t\t^\r\n\r\nError\r\n    at testBuild (d:\\GitHub\\test\\test\\index.js:3:14)\r\n    at Object.<anonymous> (d:\\GitHub\\test\\test\\index.js:10:3)\r\n    at Module._compile (internal/modules/cjs/loader.js:701:30)\r\n    at Object.Module._extensions..js (internal/modules/cjs/loader.js:712:10)\r\n    at Module.load (internal/modules/cjs/loader.js:600:32)\r\n    at tryModuleLoad (internal/modules/cjs/loader.js:539:12)\r\n    at Function.Module._load (internal/modules/cjs/loader.js:531:3)\r\n    at Function.Module.runMain (internal/modules/cjs/loader.js:754:12)\r\n    at startup (internal/bootstrap/node.js:283:19)\r\n    at bootstrapNodeJSCore (internal/bootstrap/node.js:622:3)\r\nnpm ERR! code ELIFECYCLE\nnpm ERR! errno 1\nnpm ERR! test@1.0.0 start: `node index.js`\nnpm ERR! Exit status 1\nnpm ERR! \nnpm ERR! Failed at the test@1.0.0 start script.\nnpm ERR! This is probably not a problem with npm. There is likely additional logging output above.\nnpm WARN Local package.json exists, but node_modules missing, did you mean to install?\n\nnpm ERR! A complete log of this run can be found in:\nnpm ERR!     C:\\Users\\Wild Cat\\AppData\\Roaming\\npm-cache\\_logs\\2019-10-19T13_02_08_414Z-debug.log\n","startDate":"2019-10-19T13:02:07.680Z","endDate":"2019-10-19T13:02:08.425Z"},{"id":"16de41d9c5f","hash":"bdb8830","command":"npm test","status":1,"stdout":"\n> test@1.0.0 test d:\\GitHub\\test\\test\n> echo \"Error: no test specified\" && exit 1\n\n\"Error: no test specified\" \r\n","stderr":"npm ERR! Test failed.  See above for more details.\n","startDate":"2019-10-19T13:03:30.953Z","endDate":"2019-10-19T13:03:31.664Z"}]